<?xml version="1.0" encoding="UTF-8"?>
<!-- Generated by org.testng.reporters.JUnitXMLReporter -->
<testsuite ignored="0" hostname="DESKTOP-JEK7HQM" failures="0" tests="3" name="Nopackage" time="22.36" errors="0" timestamp="2025-05-21T20:23:22 IST">
  <testcase classname="com.ui.tests.LoginTest" name="Logintest" time="0.049">
    <skipped/>
  </testcase> <!-- Logintest -->
  <testcase classname="com.ui.tests.LoginTest" name="Logintest" time="3.183"/>
  <testcase classname="com.ui.tests.LoginTest" name="Logintest" time="3.238"/>
</testsuite> <!-- Nopackage -->
