<?xml version="1.0" encoding="UTF-8"?>
<testng-results ignored="0" total="2" passed="2" failed="0" skipped="0">
  <reporter-output>
  </reporter-output>
  <suite started-at="2025-05-18T12:13:59 IST" name="Default suite" finished-at="2025-05-18T12:14:17 IST" duration-ms="17460">
    <groups>
      <group name="sanity">
        <method signature="LoginTest.Logintest(com.ui.pojo.User)[pri:0, instance:com.ui.tests.LoginTest@7f3b84b8]" name="Logintest" class="com.ui.tests.LoginTest"/>
      </group> <!-- sanity -->
      <group name="e2e">
        <method signature="LoginTest.Logintest(com.ui.pojo.User)[pri:0, instance:com.ui.tests.LoginTest@7f3b84b8]" name="Logintest" class="com.ui.tests.LoginTest"/>
      </group> <!-- e2e -->
    </groups>
    <test started-at="2025-05-18T12:13:59 IST" name="Default test" finished-at="2025-05-18T12:14:17 IST" duration-ms="17460">
      <class name="com.ui.tests.LoginTest">
        <test-method is-config="true" signature="setup()[pri:0, instance:com.ui.tests.LoginTest@7f3b84b8]" started-at="2025-05-18T12:13:59 IST" name="setup" description="do browser setup before test method" finished-at="2025-05-18T12:14:07 IST" duration-ms="7350" status="PASS">
          <reporter-output>
          </reporter-output>
        </test-method> <!-- setup -->
        <test-method signature="Logintest(com.ui.pojo.User)[pri:0, instance:com.ui.tests.LoginTest@7f3b84b8]" started-at="2025-05-18T12:14:07 IST" name="Logintest" description="verify valid user login" data-provider="LoginDataProvider" finished-at="2025-05-18T12:14:09 IST" duration-ms="2228" status="PASS">
          <params>
            <param index="0">
              <value>
                <![CDATA[com.ui.pojo.User@7c56e013]]>
              </value>
            </param>
          </params>
          <reporter-output>
          </reporter-output>
        </test-method> <!-- Logintest -->
        <test-method is-config="true" signature="setup()[pri:0, instance:com.ui.tests.LoginTest@7f3b84b8]" started-at="2025-05-18T12:14:09 IST" name="setup" description="do browser setup before test method" finished-at="2025-05-18T12:14:14 IST" duration-ms="4888" status="PASS">
          <reporter-output>
          </reporter-output>
        </test-method> <!-- setup -->
        <test-method signature="Logintest(com.ui.pojo.User)[pri:0, instance:com.ui.tests.LoginTest@7f3b84b8]" started-at="2025-05-18T12:14:14 IST" name="Logintest" description="verify valid user login" data-provider="LoginDataProvider" finished-at="2025-05-18T12:14:17 IST" duration-ms="2864" status="PASS">
          <params>
            <param index="0">
              <value>
                <![CDATA[com.ui.pojo.User@4c36250e]]>
              </value>
            </param>
          </params>
          <reporter-output>
          </reporter-output>
        </test-method> <!-- Logintest -->
      </class> <!-- com.ui.tests.LoginTest -->
    </test> <!-- Default test -->
  </suite> <!-- Default suite -->
</testng-results>
